\BOOKMARK [1][-]{section.1}{\376\377\004\027\004\060\004\064\004\060\004\075\004\070\004\065}{}% 1
\BOOKMARK [1][-]{section.2}{\376\377\004\057\004\062\004\075\004\113\004\065\000\040\004\104\004\076\004\100\004\074\004\103\004\073\004\113\000\040\004\070\000\040\004\067\004\075\004\060\004\107\004\065\004\075\004\070\004\117\000\040\000\040\000f\000'\000\050\000x\0000\000\051\000,\000\040\000f\000'\000'\000\050\000x\0000\000\051\000\040}{}% 2
\BOOKMARK [1][-]{section.3}{\376\377\004\037\004\065\004\100\004\062\004\060\004\117\000\040\004\072\004\076\004\075\004\065\004\107\004\075\004\076\000-\004\100\004\060\004\067\004\075\004\076\004\101\004\102\004\075\004\060\004\117\000\040\004\077\004\100\004\076\004\070\004\067\004\062\004\076\004\064\004\075\004\060\004\117\000\040\0001\000-\004\063\004\076\000\040\004\077\004\076\004\100\004\117\004\064\004\072\004\060\000\040\004\102\004\076\004\107\004\075\004\076\004\101\004\102\004\070}{}% 3
\BOOKMARK [1][-]{section.4}{\376\377\004\037\004\065\004\100\004\062\004\060\004\117\000\040\004\072\004\076\004\075\004\065\004\107\004\075\004\076\000\040\004\100\004\060\004\067\004\075\004\076\004\101\004\102\004\075\004\060\004\117\000\040\004\077\004\100\004\076\004\070\004\067\004\062\004\076\004\064\004\075\004\060\004\117\000\040\0002\000-\004\063\004\076\000\040\004\077\004\076\004\100\004\117\004\064\004\072\004\060\000\040\004\102\004\076\004\107\004\075\004\076\004\101\004\102\004\070}{}% 4
\BOOKMARK [1][-]{section.5}{\376\377\004\037\004\065\004\100\004\062\004\060\004\117\000\040\004\072\004\076\004\075\004\065\004\107\004\075\004\076\000\040\004\100\004\060\004\067\004\075\004\076\004\101\004\102\004\075\004\060\000\040\004\077\004\100\004\076\004\070\004\067\004\062\004\076\004\064\004\075\004\060\004\117\000\040\0004\000-\004\063\004\076\000\040\004\077\004\076\004\100\004\117\004\064\004\072\004\060\000\040\004\102\004\076\004\107\004\075\004\076\004\101\004\102\004\070}{}% 5
\BOOKMARK [1][-]{section.6}{\376\377\004\022\004\102\004\076\004\100\004\060\004\117\000\040\004\072\004\076\004\075\004\065\004\107\004\075\004\076\000\040\004\100\004\060\004\067\004\075\004\076\004\101\004\102\004\075\004\060\000\040\004\077\004\100\004\076\004\070\004\067\004\062\004\076\004\064\004\075\004\060\004\117\000\040\0002\000-\004\063\004\076\000\040\004\077\004\076\004\100\004\117\004\064\004\072\004\060\000\040\004\102\004\076\004\107\004\075\004\076\004\101\004\102\004\070}{}% 6
\BOOKMARK [1][-]{section.7}{\376\377\004\022\004\102\004\076\004\100\004\060\004\117\000\040\004\072\004\076\004\075\004\065\004\107\004\075\004\076\000\040\004\100\004\060\004\067\004\075\004\076\004\101\004\102\004\075\004\060\000\040\004\077\004\100\004\076\004\070\004\067\004\062\004\076\004\064\004\075\004\060\004\117\000\040\0004\000-\004\063\004\076\000\040\004\077\004\076\004\100\004\117\004\064\004\072\004\060\000\040\004\102\004\076\004\107\004\075\004\076\004\101\004\102\004\070}{}% 7
\BOOKMARK [1][-]{section.8}{\376\377\004\033\004\070\004\101\004\102\004\070\004\075\004\063\000\040\004\104\004\103\004\075\004\072\004\106\004\070\004\071\000\040\004\070\000\040\004\101\004\106\004\065\004\075\004\060\004\100\004\070\004\065\004\062}{}% 8
\BOOKMARK [2][-]{subsection.8.1}{\376\377\000f\000.\000m}{section.8}% 9
\BOOKMARK [2][-]{subsection.8.2}{\376\377\000d\000f\000.\000m}{section.8}% 10
\BOOKMARK [2][-]{subsection.8.3}{\376\377\000d\000f\0001\000.\000m}{section.8}% 11
\BOOKMARK [2][-]{subsection.8.4}{\376\377\000d\000f\0002\000.\000m}{section.8}% 12
\BOOKMARK [2][-]{subsection.8.5}{\376\377\000d\000f\0004\000.\000m}{section.8}% 13
\BOOKMARK [2][-]{subsection.8.6}{\376\377\000d\000d\000f\000.\000m}{section.8}% 14
\BOOKMARK [2][-]{subsection.8.7}{\376\377\000d\000d\000f\0001\000.\000m}{section.8}% 15
\BOOKMARK [2][-]{subsection.8.8}{\376\377\000d\000d\000f\0004\000.\000m}{section.8}% 16
\BOOKMARK [2][-]{subsection.8.9}{\376\377\000w\000w\0001\000.\000m}{section.8}% 17
\BOOKMARK [2][-]{subsection.8.10}{\376\377\000w\000w\0002\000.\000m}{section.8}% 18
\BOOKMARK [2][-]{subsection.8.11}{\376\377\000w\000w\0004\000.\000m}{section.8}% 19
\BOOKMARK [2][-]{subsection.8.12}{\376\377\000w\000w\0002\0001\000.\000m}{section.8}% 20
\BOOKMARK [2][-]{subsection.8.13}{\376\377\000w\000w\0002\0004\000.\000m}{section.8}% 21
